
running 2 tests
test widget_book_scroll_fps_benchmark_without_live_overlay ... ignored, diagnostic benchmark for isolating live-overlay cost

=== Widget Book Scroll FPS Benchmark ===
scroll direction: downward
scroll step:      40 px/frame
frames measured:  109
scroll distance:  4360 px
wall-clock time:  232.8 ms
avg frame time:   1.950 ms (513 fps)
min frame time:   0.928 ms
max frame time:   6.193 ms
p95 frame time:   4.112 ms (243 fps)
avg gpu passes:   1.00
avg gpu draws:    117.61
avg visible tiles:15.00
avg reused tiles: 10.73
avg regen tiles:  4.27
avg vertex bytes: 164480
avg text bytes:   128511
avg tile memory:  434075
avg traverse:     0.054 ms
avg packet build: 0.724 ms (1.00 packets)
avg atlas miss:   0.021 ms (155.19 misses, 0.00 fallback)
avg surface:      acq 0.016 ms  pres 0.025 ms
avg prep:         scan 0.004 ms  bind 0.024 ms  batch 0.004 ms
avg atlas upload: bind 0.017 ms  copy 0.000 ms  write 0.002 ms  bytes 1131
avg image bind:   0.000 ms
avg analytic bg:  0.007 ms  misses 3.90  bytes 4181
avg submit path:  upload 0.041 ms  encode 0.011 ms  submit 0.115 ms
avg dirty regions:9.09
avg dirty cover:  100.0%
max vertex bytes: 696576
last frame index: 111

--- Phase breakdown (avg per frame) ---
  Renderer                  1.735 ms  ( 89.0%)
  Paint                     0.138 ms  (  7.1%)
  Semantics                 0.026 ms  (  1.4%)
  Event handling            0.021 ms  (  1.1%)
  Diagnostics               0.001 ms  (  0.0%)

--- Slowest frames ---
  frame   14  total   6.193 ms  regen 15  reused  0  upload   593664  text   478848  tile-gen   4.658 ms  compose   0.022 ms
             traverse   0.089 ms  packets   1 /   1.398 ms  atlas 430 /   0.135 ms  fallback  0
             surface   0.016 /   0.027 ms  prep   0.006 /   0.156 /   0.005 ms  submit   0.182 /   0.016 /   0.156 ms
             atlas-bind   0.087 ms  copy   0.002 ms  write   0.010 ms  bytes     8556  image-bind   0.000 ms
             analytic   0.068 ms  misses  45  bytes    44304
  frame    6  total   5.224 ms  regen 15  reused  0  upload   696576  text   444096  tile-gen   4.137 ms  compose   0.015 ms
             traverse   0.045 ms  packets   1 /   0.724 ms  atlas 412 /   0.132 ms  fallback  0
             surface   0.019 /   0.027 ms  prep   0.005 /   0.180 /   0.004 ms  submit   0.282 /   0.015 /   0.144 ms
             atlas-bind   0.119 ms  copy   0.001 ms  write   0.040 ms  bytes     8924  image-bind   0.000 ms
             analytic   0.061 ms  misses  42  bytes    29168
  frame   70  total   4.730 ms  regen 15  reused  0  upload   569664  text   508608  tile-gen   3.963 ms  compose   0.023 ms
             traverse   0.051 ms  packets   1 /   0.664 ms  atlas 484 /   0.068 ms  fallback  0
             surface   0.015 /   0.030 ms  prep   0.001 /   0.092 /   0.002 ms  submit   0.134 /   0.006 /   0.071 ms
             atlas-bind   0.090 ms  copy   0.000 ms  write   0.014 ms  bytes     4048  image-bind   0.000 ms
             analytic   0.001 ms  misses   0  bytes        0
  frame   79  total   4.338 ms  regen 15  reused  0  upload   609408  text   540672  tile-gen   3.720 ms  compose   0.009 ms
             traverse   0.026 ms  packets   1 /   0.595 ms  atlas 516 /   0.372 ms  fallback  0
             surface   0.013 /   0.020 ms  prep   0.002 /   0.118 /   0.003 ms  submit   0.114 /   0.008 /   0.080 ms
             atlas-bind   0.100 ms  copy   0.001 ms  write   0.010 ms  bytes    16592  image-bind   0.000 ms
             analytic   0.017 ms  misses   8  bytes     2368
  frame   83  total   4.112 ms  regen 15  reused  0  upload   406176  text   349248  tile-gen   3.638 ms  compose   0.009 ms
             traverse   0.036 ms  packets   1 /   0.616 ms  atlas 304 /   0.039 ms  fallback  0
             surface   0.012 /   0.019 ms  prep   0.003 /   0.072 /   0.002 ms  submit   0.042 /   0.008 /   0.074 ms
             atlas-bind   0.056 ms  copy   0.000 ms  write   0.007 ms  bytes     1248  image-bind   0.000 ms
             analytic   0.016 ms  misses  10  bytes     2832

--- Last frame scene stats ---
  commands:        329
  text commands:   78
  dirty regions:   6
  dirty coverage:  100.0%
  gpu draws:       125
  gpu passes:      1
  tiles visible:   15
  tiles reused:    15
  tiles regen:     0
  glyph instances: 225
  vertex bytes:    52416
  text bytes:      43200
  traverse:        0.028 ms
  packet build:    1 packets / 0.507 ms
  atlas miss:      86 misses / 0.000 ms / 0 fallback
  surface:         0.013 ms acquire / 0.018 ms present
  prep:            0.003 ms scan / 0.001 ms bind / 0.002 ms batch
  atlas upload:    0.000 ms bind / 0.000 ms copy / 0.000 ms write / 0 bytes
  image bind:      0.000 ms
  analytic bind:   0.001 ms / 0 misses / 0 bytes
  submit path:     0.019 ms upload / 0.010 ms encode / 0.100 ms submit
  path cache:      0 entries, 0 hits, 0 misses
  path cache Δ:    +0 entries, 0 hits, 0 misses
========================================

test widget_book_scroll_fps_benchmark ... ok

test result: ok. 1 passed; 0 failed; 1 ignored; 0 measured; 6 filtered out; finished in 1.38s

